  aBehaviorController.cpp
  libassignment5.vcxproj -> F:\Study\CIS_562_CompAnimation\HW9\hw9-behavioral-animation-linghan0919\HW9 - AnimationToolkit - 2017\libsrc\animation\..\..\lib\libassignment5.lib
  aActor.h
  aBehaviorController.h
  aBehaviors.h
  aBVHController.h
  aFireworks.h
  aIKController.h
  aJitter.h
  aJoint.h
  aMatrix.h
  aMotion.h
  aMotionController.h
  aParticle.h
  aParticleSystem.h
  aRocket.h
  aRotation.h
  aSkeleton.h
  aSpark.h
  aSplineQuat.h
  aSplineQuaternion.h
  aSplineVec3.h
  aTarget.h
  aTransform.h
  aVector.h
  已复制        23 个文件。
